---------------------------------------------------
M.U.G.E.N ver 1.1.0 Beta 1 P1 (2013.08.11) status log
---------------------------------------------------
Parsing command line...
Command line: D:\Mys Proyectos\Mugen\mugen hentai edicion 6.0\mugen hentai edicion 6.0.exe
Parse command line OK
Initializing...
Allocating game variables
Reading configuration file...Setting language "en".
OK
Initializing timer...performance timer enabled...frequency 10000000...OK
Initializing keyboard...configuring...OK
Initializing input engine...OK
Initializing sound...OK
Initializing BGM...  OK
Initializing graphics...gameCoord 1024x576...render mode 2_20...trying 1024x576x32 mode 0x0...success...OK
Setting callbacks...OK
Initializing font...OK
Initializing game variables...OK
Session RNG seed is 1684873583
Loading system fonts...OK
Loading options...
Initializing pads...failed
Reinitializing input engine...OK
Remapping keys...OK
Reinitializing input engine...OK
Options loaded OK
Loading system...
  Load system file system.def...OK
  Load system spr...OK
  Load system snd...OK
  Load system fonts...OK
  Load system anim...OK
  Load [Title Info]...OK
  Load [Option Info]...OK
  Load [Select Info]...OK
  Load [VS Screen]...OK
  Load [Victory Screen]...OK
  Load [Demo Mode]...OK
  Load [Continue Screen]...OK
  Load [Game Over Screen]...OK
  Load [Win Screen]...OK
  Load [Survival Results Screen]...OK
  Load [Default Ending]...OK
  Load [End Credits]...OK
  Load TitleBG...VersusBG...VictoryBG...SelectBG...OptionBG...OK
  Loading fight data
    Opening fight data file data/Kireishito Multiverse/FightHD.def...OK
    Reading [Files]...OK
    Loading fonts...OK
    Load fight anim...OK
    Reading [Lifebar]...[Turns Lifebar]...[Simul Lifebar]...[Powerbar]...
    [Face]...[Simul Face]...[Turns Face]...
    [Name]...[Simul Name]...[Turns Name]...
    [Time]...[Combo]...[Round]...[WinIcon]...OK
    Allocating explods...OK
  Fight data loaded OK
Lua initing
Lua init complete
System loaded OK
Initialize OK
Set up graphics...timer...OK

Entering gameflow loop
Gameflow 0
Gameflow 1
Gameflow 2
Initializing character info...OK
Initializing select screen...finding characters...
  Error reading character file: chars/cvschunli/cvschunli.def

  Error reading character file: chars/Venomono Compatible/Venomono Compatible.def

  Error reading character file: chars/BirthdaySurprise/BirthdaySurprise.def

  Error reading character file: chars/Cynthia Vr 0.5a/Cynthia Vr 0.5a.def

  Error reading character file: chars/MaiUnbirth/MaiUnbirth.def

  Error reading character file: chars/Juno1_02/Juno1_02.def

  Error reading character file: chars/Priere_re2/Priere_re2.def

  Error reading character file: chars/extrapalz/extrapalz.def

  Error reading character file: chars/hatihive/hatihive.def

  Error reading character file: chars/w_bath_edit/w_bath_edit.def

  Error reading character file: chars/android18/android18.def

  Error reading character file: chars/char/char.def

  Error reading character file: chars/Fighterlvl1 bs/Fighterlvl1 bs.def

  Error reading character file: chars/RYUKO2nd BS/RYUKO2nd BS.def

  Error reading character file: chars/Miyako Bikini bs/Miyako Bikini bs.def

  Error reading character file: chars/nsfw alice/nsfw alice.def

  Error reading character file: chars/Yuri XI bs/Yuri XI bs.def

  Error reading character file: chars/FutaCR Squigly/FutaCR Squigly.def

  Error reading character file: chars/Zeta/Zeta.def

  Error reading character file: chars/The files are inside/The files are inside.def

  Error reading character file: chars/kula_choi_G/kula_choi_G.def

  Error reading character file: chars/DarkGallon/DarkGallon.def

  Error reading character file: chars/chijo/chijo.def

  Error reading character file: chars/felicia/felicia.def

  Error reading character file: chars/EroJill/EroJill.def

  Error reading character file: chars/FutaCR Taokaka/FutaCR Taokaka.def

  Error reading character file: chars/Revamped_Vampy/Revamped_Vampy.def

  Error reading character file: chars/ERO-Elastigirl/ERO-Elastigirl.def

  Error reading character file: chars/Sakuya_test/Sakuya_test.def

  Error reading character file: chars/Draculina 1/Draculina 1.def

  Error reading character file: chars/Umbreon1/Umbreon1.def

  Error reading character file: chars/sf3_chunli/sf3_chunli.def

  Error reading character file: chars/angel1/angel1.def

  Error reading character file: chars/LeonaHeidern.XIII[P-Tan]/LeonaHeidern.XIII[P-Tan].def

  Error reading character file: chars/Pixel Inma_z/Pixel Inma_z.def

  Error reading character file: chars/FemaleScolipedeVore/FemaleScolipedeVore.def

  Error reading character file: chars/TinySpidy/TinySpidy.def

  Error reading character file: chars/ERO Angel/ERO Angel.def

  Error reading character file: chars/Ero Birdie/Ero Birdie.def

  Error reading character file: chars/ERO-Elastigirl/ERO-Elastigirl.def

  Error reading character file: chars/Shantaemega/Shantaemega.def

  Error reading character file: chars/ERO Karin_AS/ERO Karin_AS.def

  Error reading character file: chars/123_RE/123_RE.def

  Error reading character file: chars/ERO Mai Futa/ERO Mai Futa.def

  Error reading character file: chars/Scharlachrot_MA/Scharlachrot_MA.def
OK
Gameflow 3
Gameflow 4
Entering mode select.
Unloading match assets
Freeing players
Game loop init
Mode select init
End of mode select loop
Game loop deinit
Gameflow 6
Reset persist vars team 0
Reset persist vars team 1
Gameflow 7
Entering character select.
Unloading match assets
Freeing players
Game loop init
Unreserved all palettes
Charsel init
Game loop deinit
Canceled character select.
Gameflow 4
Entering mode select.
Unloading match assets
Freeing players
Game loop init
Mode select init
End of mode select loop
Game loop deinit
Returned from gameflow loop
Deinitializing...
Frames      : 2443
Time elapsed: 93.020 sec
ticks: 9302, tps: 100, start 518, end 9820

Unloading match assets
Freeing players
Clearing player cache...OK
Freeing character info...OK
Freeing select screen...OK
Freeing fight data...OK
Freeing system data...OK
Freeing game variables...Unloading match assets
Freeing players
OK
Deinitializing input...pad...keyboard...OK
Removing callbacks...OK
Deintializing timer...OK
Deinitializing graphics...OK
Deinitializing BGM...OK
Deinitializing sound...OK
Successful program termination.

Log file successfully closed.
